<?xml version="1.0" encoding="UTF-8"?>
<!-- Generated by org.testng.reporters.JUnitXMLReporter -->
<testsuite ignored="2" hostname="DESKTOP-CE7QRPJ" failures="0" tests="4" name="Test" time="49.541" errors="0" timestamp="2024-07-05T07:52:32 IST">
  <testcase classname="scripts.TC1" name="test1" time="0.077"/>
  <testcase classname="scripts.TC2" name="test2" time="0.32"/>
  <testcase classname="scripts.TC3" name="testLogin" time="0.007"/>
  <testcase classname="scripts.TC3" name="testlogout" time="0.06"/>
  <testcase classname="generic.BaseTest" name="@BeforeSuite createReport" time="0.0">
    <ignored/>
  </testcase> <!-- @BeforeSuite createReport -->
  <testcase classname="generic.BaseTest" name="@AfterSuite publishReport" time="0.0">
    <ignored/>
  </testcase> <!-- @AfterSuite publishReport -->
</testsuite> <!-- Test -->
