<?xml version="1.0" encoding="UTF-8"?>
<testng-results ignored="0" total="1" passed="1" failed="0" skipped="0">
  <reporter-output>
    <line>
      <![CDATA[Homepage is displayed]]>
    </line>
  </reporter-output>
  <suite started-at="2024-07-10T07:44:49 IST" name="Default suite" finished-at="2024-07-10T07:45:50 IST" duration-ms="61749">
    <groups>
    </groups>
    <test started-at="2024-07-10T07:44:49 IST" name="Default test" finished-at="2024-07-10T07:45:50 IST" duration-ms="61749">
      <class name="scripts.ValidLogin">
        <test-method is-config="true" signature="createReport()[pri:0, instance:scripts.ValidLogin@1a677343]" started-at="2024-07-10T07:44:47 IST" name="createReport" finished-at="2024-07-10T07:44:49 IST" duration-ms="1453" status="PASS">
          <reporter-output>
          </reporter-output>
        </test-method> <!-- createReport -->
        <test-method is-config="true" signature="preCondition(java.lang.reflect.Method)[pri:0, instance:scripts.ValidLogin@1a677343]" started-at="2024-07-10T07:44:49 IST" name="preCondition" finished-at="2024-07-10T07:45:32 IST" duration-ms="43292" status="PASS">
          <params>
            <param index="0">
              <value>
                <![CDATA[public void scripts.ValidLogin.testValidLogin()]]>
              </value>
            </param>
          </params>
          <reporter-output>
          </reporter-output>
        </test-method> <!-- preCondition -->
        <test-method signature="testValidLogin()[pri:1, instance:scripts.ValidLogin@1a677343]" started-at="2024-07-10T07:45:32 IST" name="testValidLogin" finished-at="2024-07-10T07:45:42 IST" duration-ms="9563" status="PASS">
          <reporter-output>
            <line>
              <![CDATA[Homepage is displayed]]>
            </line>
          </reporter-output>
        </test-method> <!-- testValidLogin -->
        <test-method is-config="true" signature="postCondition(org.testng.ITestResult)[pri:0, instance:scripts.ValidLogin@1a677343]" started-at="2024-07-10T07:45:42 IST" name="postCondition" finished-at="2024-07-10T07:45:50 IST" duration-ms="8734" status="PASS">
          <params>
            <param index="0">
              <value>
                <![CDATA[[TestResult name=testValidLogin status=SUCCESS method=ValidLogin.testValidLogin()[pri:1, instance:scripts.ValidLogin@1a677343] output=Homepage is displayed]]]>
              </value>
            </param>
          </params>
          <reporter-output>
          </reporter-output>
        </test-method> <!-- postCondition -->
        <test-method is-config="true" signature="publishReport()[pri:0, instance:scripts.ValidLogin@1a677343]" started-at="2024-07-10T07:45:51 IST" name="publishReport" finished-at="2024-07-10T07:45:51 IST" duration-ms="847" status="PASS">
          <reporter-output>
          </reporter-output>
        </test-method> <!-- publishReport -->
      </class> <!-- scripts.ValidLogin -->
    </test> <!-- Default test -->
  </suite> <!-- Default suite -->
</testng-results>
